This is pdfTeX, Version 3.141592653-2.6-1.40.28 (TeX Live 2025) (preloaded format=latex 2025.6.19)  19 JUN 2025 19:57
entering extended mode
 restricted \write18 enabled.
 %&-line parsing enabled.
**\makeatletter\def\HCode{\futurelet\HCode\HChar}\def\HChar{\ifx\HCode\def\HCod
e##1{\Link##1}\expandafter\HCode\else\expandafter\Link\fi}\def\Link#1.a.b.c.{\l
et\HCode\documentstyle\def\documentstyle{\let\documentstyle\HCode\expandafter\d
ef\csname tex4ht\endcsname{#1,html}\def\HCode####1{\documentstyle[tex4ht,}\@ifn
extchar[{\HCode}{\documentstyle[tex4ht]}}\RequirePackage[#1,html]{tex4ht}}\make
atother\HCode xhtml,mathjax,charset=utf-8,html5.a.b.c.\input \detokenize{main.t
ex} > nul 2>&1
(e:/texlive/2025/texmf-dist/tex/generic/tex4ht/tex4ht.sty
version 2025-02-27-12:30
Package: tex4ht 
--------------------------------------
--- Note --- for _ at preamble, use the command line option `early_'
--------------------------------------
--------------------------------------
--- Note --- for ^ at preamble, use the command line option `early^'
--------------------------------------
\tmp:toks=\toks17
) (./main.tex (e:/texlive/2025/texmf-dist/tex/generic/tex4ht/usepackage.4ht
version 2025-05-13-14:10
) (e:/texlive/2025/texmf-dist/tex/latex/base/article.cls
Document Class: article 2025/01/22 v1.4n Standard LaTeX document class
(e:/texlive/2025/texmf-dist/tex/latex/base/size10.clo
File: size10.clo 2025/01/22 v1.4n Standard LaTeX file (size option)
)
\c@part=\count275
\c@section=\count276
\c@subsection=\count277
\c@subsubsection=\count278
\c@paragraph=\count279
\c@subparagraph=\count280
\c@figure=\count281
\c@table=\count282
\abovecaptionskip=\skip49
\belowcaptionskip=\skip50
\bibindent=\dimen148
) (e:/texlive/2025/texmf-dist/tex/latex/graphics/graphicx.sty
Package: graphicx 2024/12/31 v1.2e Enhanced LaTeX Graphics (DPC,SPQR)
(e:/texlive/2025/texmf-dist/tex/latex/graphics/keyval.sty
Package: keyval 2022/05/29 v1.15 key=value parser (DPC)
\KV@toks@=\toks18
) (e:/texlive/2025/texmf-dist/tex/generic/tex4ht/graphics-hooks.4ht
version 2022-08-17-14:25
) (e:/texlive/2025/texmf-dist/tex/latex/graphics/graphics.sty
Package: graphics 2024/08/06 v1.4g Standard LaTeX Graphics (DPC,SPQR)
(e:/texlive/2025/texmf-dist/tex/latex/graphics/trig.sty
Package: trig 2023/12/02 v1.11 sin cos tan (DPC)
) (e:/texlive/2025/texmf-dist/tex/latex/graphics-cfg/graphics.cfg
File: graphics.cfg 2016/06/04 v1.11 sample graphics configuration
)
Package graphics Info: Driver file: dvips.def on input line 106.
(e:/texlive/2025/texmf-dist/tex/latex/graphics-def/dvips.def
File: dvips.def 2022/09/22 v3.1e Graphics/color driver for dvips
))
\Gin@req@height=\dimen149
\Gin@req@width=\dimen150
) (e:/texlive/2025/texmf-dist/tex/latex/amsmath/amsmath.sty
Package: amsmath 2025/06/16 v2.17y AMS math features
\@mathmargin=\skip51
For additional information on amsmath, use the `?' option.
(e:/texlive/2025/texmf-dist/tex/latex/amsmath/amstext.sty
Package: amstext 2024/11/17 v2.01 AMS text
(e:/texlive/2025/texmf-dist/tex/latex/amsmath/amsgen.sty
File: amsgen.sty 1999/11/30 v2.0 generic functions
\@emptytoks=\toks19
\ex@=\dimen151
)) (e:/texlive/2025/texmf-dist/tex/latex/amsmath/amsbsy.sty
Package: amsbsy 1999/11/29 v1.2d Bold Symbols
\pmbraise@=\dimen152
) (e:/texlive/2025/texmf-dist/tex/latex/amsmath/amsopn.sty
Package: amsopn 2022/04/08 v2.04 operator names
)
\inf@bad=\count283
LaTeX Info: Redefining \frac on input line 233.
\uproot@=\count284
\leftroot@=\count285
LaTeX Info: Redefining \overline on input line 398.
LaTeX Info: Redefining \colon on input line 409.
\classnum@=\count286
\DOTSCASE@=\count287
LaTeX Info: Redefining \ldots on input line 495.
LaTeX Info: Redefining \dots on input line 498.
LaTeX Info: Redefining \cdots on input line 619.
\Mathstrutbox@=\box53
\strutbox@=\box54
LaTeX Info: Redefining \big on input line 721.
LaTeX Info: Redefining \Big on input line 722.
LaTeX Info: Redefining \bigg on input line 723.
LaTeX Info: Redefining \Bigg on input line 724.
\big@size=\dimen153
LaTeX Font Info:    Redeclaring font encoding OML on input line 742.
LaTeX Font Info:    Redeclaring font encoding OMS on input line 743.
\macc@depth=\count288
LaTeX Info: Redefining \bmod on input line 904.
LaTeX Info: Redefining \pmod on input line 909.
LaTeX Info: Redefining \smash on input line 939.
LaTeX Info: Redefining \relbar on input line 969.
LaTeX Info: Redefining \Relbar on input line 970.
\c@MaxMatrixCols=\count289
\dotsspace@=\muskip17
\c@parentequation=\count290
\dspbrk@lvl=\count291
\tag@help=\toks20
\row@=\count292
\column@=\count293
\maxfields@=\count294
\andhelp@=\toks21
\eqnshift@=\dimen154
\alignsep@=\dimen155
\tagshift@=\dimen156
\tagwidth@=\dimen157
\totwidth@=\dimen158
\lineht@=\dimen159
\@envbody=\toks22
\multlinegap=\skip52
\multlinetaggap=\skip53
\mathdisplay@stack=\toks23
LaTeX Info: Redefining \[ on input line 2949.
LaTeX Info: Redefining \] on input line 2950.
) (e:/texlive/2025/texmf-dist/tex/latex/amscls/amsthm.sty
Package: amsthm 2020/05/29 v2.20.6
\thm@style=\toks24
\thm@bodyfont=\toks25
\thm@headfont=\toks26
\thm@notefont=\toks27
\thm@headpunct=\toks28
\thm@preskip=\skip54
\thm@postskip=\skip55
\thm@headsep=\skip56
\dth@everypar=\toks29
) (e:/texlive/2025/texmf-dist/tex/latex/amsfonts/amssymb.sty
Package: amssymb 2013/01/14 v3.01 AMS font symbols
(e:/texlive/2025/texmf-dist/tex/latex/amsfonts/amsfonts.sty
Package: amsfonts 2013/01/14 v3.01 Basic AMSFonts support
\symAMSa=\mathgroup4
\symAMSb=\mathgroup5
LaTeX Font Info:    Redeclaring math symbol \hbar on input line 98.
LaTeX Font Info:    Overwriting math alphabet `\mathfrak' in version `bold'
(Font)                  U/euf/m/n --> U/euf/b/n on input line 106.
))
\c@theorem=\count295
\c@lemma=\count296
\c@proposition=\count297
\c@corollary=\count298
\c@definition=\count299
\c@example=\count300
\c@remark=\count301
(e:/texlive/2025/texmf-dist/tex/generic/tex4ht/tex4ht.4ht
version 2025-02-09-08:05
--------------------------------------
--- Note --- for additional information, use the command line option `info'
--------------------------------------
::::::::::::::::::::::::::::::::::::::::::
 TeX4ht info is available in the log file 
::::::::::::::::::::::::::::::::::::::::::
) (e:/texlive/2025/texmf-dist/tex/generic/tex4ht/tex4ht.sty
version 2025-02-27-12:30
l.875 --- TeX4ht warning --- nonprimitive \everypar ---
--- needs --- tex4ht main ---
\tmp:cnt=\count302
\openout15 = `main.tmp'.

(./main.tmp)
\tmp:dim=\skip57
(./main.xref)
\:refout=\write3
\openout3 = `main.xref'.

(e:/texlive/2025/texmf-dist/tex/generic/tex4ht/html4.4ht
version 2025-06-17-13:24
--------------------------------------
--- Note --- to remove the <?xml version=...?> processing instruction use the c
ommand line option `no-VERSION'
--------------------------------------
--------------------------------------
--- Note --- to remove the DOCTYPE declaration use the command line option `no-
DOCTYPE'
--------------------------------------
) (e:/texlive/2025/texmf-dist/tex/generic/tex4ht/unicode.4ht
version 2024-12-15-07:18
) (e:/texlive/2025/texmf-dist/tex/generic/tex4ht/html4-math.4ht
version 2024-09-27-10:13
) (e:/texlive/2025/texmf-dist/tex/generic/tex4ht/html5.4ht
version 2025-06-15-07:36
)
--------------------------------------
--- Note --- for marking of the base font, use the command line option `fonts+'

--------------------------------------
--------------------------------------
--- Note --- for non active _, use the command line option `no_'
--------------------------------------
--------------------------------------
--- Note --- for _ of catcode 13, use the command line option `_13'
--------------------------------------
--------------------------------------
--- Note --- for non active ^, use the command line option `no^'
--------------------------------------
--------------------------------------
--- Note --- for ^ of catcode 13, use the command line option `^13'
--------------------------------------
(e:/texlive/2025/texmf-dist/tex/generic/tex4ht/html4.4ht
version 2025-06-17-13:24
--------------------------------------
--- Note --- to ignore CSS font decoration, use the `NoFonts' command line opti
on
--------------------------------------
--------------------------------------
--- Note --- for jpg bitmaps of pictures, use the `jpg' command line option. (C
haracter bitmaps are controled only by `g' records of tex4ht.env and `-g' switc
hes of tex4ht.c) 
--------------------------------------
--------------------------------------
--- Note --- for gif bitmaps of pictures, use the `gif' command line option. (C
haracter bitmaps are controled only by `g' records of tex4ht.env and `-g' switc
hes of tex4ht.c) 
--------------------------------------
--------------------------------------
--- Note --- for content and toc in 2 frames, use the command line option `fram
es'
--------------------------------------
--------------------------------------
--- Note --- for content, toc, and footnotes in 3 frames, use the command line 
option `frames-fn'
--------------------------------------
--------------------------------------
--- Note --- for file extension name xht, use the command line option `xht'
--------------------------------------
TeX4ht package options: xhtml,mathjax,charset=utf-8,html5,html
--------------------------------------
--- Note --- To print a timestamp, use the command line option timestamp
--------------------------------------
--------------------------------------
--- Note --- to ignore CSS code, use the command line option `-css
--------------------------------------
--------------------------------------
--- Note --- for inline CSS code, use the command line option `css-in'
--------------------------------------
--------------------------------------
--- Note --- for pop ups on mouse over, use the command line option `mouseover'

--------------------------------------
--------------------------------------
--- Note --- for addressing images in a subdirectory, use the command line opti
on `imgdir:.../'
--------------------------------------
) (e:/texlive/2025/texmf-dist/tex/generic/tex4ht/unicode.4ht
version 2024-12-15-07:18
) (e:/texlive/2025/texmf-dist/tex/generic/tex4ht/html4-math.4ht
version 2024-09-27-10:13
) (e:/texlive/2025/texmf-dist/tex/generic/tex4ht/html5.4ht
version 2025-06-15-07:36
--------------------------------------
--- Note --- To print a timestamp, use the command line option timestamp
--------------------------------------
--------------------------------------
--- Note --- We use a default CSS style. Use the `nostyle' option if you want t
o use custom a CSS design
--------------------------------------
)
\:tokwrite=\toks30
\:tokpage=\toks31
--------------------------------------
--- Note --- for back links to toc, use the command line option `sections+'
--------------------------------------
--------------------------------------
--- Note --- for linear crosslinks of pages, use the command line option `next'

--------------------------------------
\openout15 = `main.4ct'.

\:tocout=\write4
\openout4 = `main.4tc'.

(main.4tc) (e:/texlive/2025/texmf-dist/tex/generic/tex4ht/html4.4ht
version 2025-06-17-13:24
) (e:/texlive/2025/texmf-dist/tex/generic/tex4ht/unicode.4ht
version 2024-12-15-07:18
) (e:/texlive/2025/texmf-dist/tex/generic/tex4ht/html4-math.4ht
version 2024-09-27-10:13
) (e:/texlive/2025/texmf-dist/tex/generic/tex4ht/html5.4ht
version 2025-06-15-07:36
) (e:/texlive/2025/texmf-dist/tex/generic/tex4ht/latex.4ht
version 2025-06-11-13:51
LaTeX Info: Redefining \_ on input line 180.
LaTeX Info: Redefining \begin on input line 626.
LaTeX Info: Redefining \end on input line 674.
LaTeX Info: Redefining \, on input line 836.
LaTeX Info: Redefining \; on input line 837.
LaTeX Info: Redefining \! on input line 838.
LaTeX Info: Redefining \: on input line 839.
LaTeX Info: Redefining \> on input line 840.
--------------------------------------
--- Note --- for links into captions, instead of float heads, use the command l
ine option `refcaption'
--------------------------------------
(e:/texlive/2025/texmf-dist/tex/generic/tex4ht/html4.4ht
version 2025-06-17-13:24
) (e:/texlive/2025/texmf-dist/tex/generic/tex4ht/unicode.4ht
version 2024-12-15-07:18
) (e:/texlive/2025/texmf-dist/tex/generic/tex4ht/html4-math.4ht
version 2024-09-27-10:13
) (e:/texlive/2025/texmf-dist/tex/generic/tex4ht/html5.4ht
version 2025-06-15-07:36
) (e:/texlive/2025/texmf-dist/tex/generic/tex4ht/html4.4ht
version 2025-06-17-13:24
--------------------------------------
--- Note --- For mini tocs immediately aftter the header use the command line o
ption `minitoc<'
--------------------------------------
--------------------------------------
--- Note --- For full TOC on each page compatible with the collapsetoc DOM filt
er, use the `fulltoc' command line option.
--------------------------------------
--------------------------------------
--- Note --- for enumerated list elements with valued data, use the command lin
e option `enumerate+'
--------------------------------------
--------------------------------------
--- Note --- for enumerated list elements li's with value attributes, use the c
ommand line option `enumerate-'
--------------------------------------
--------------------------------------
--- Note --- for CSS2 code, use the command line option `css2'
--------------------------------------
--------------------------------------
--- Note --- for pictorial tabular, use the command line option `pic-tabular'
--------------------------------------
--------------------------------------
--- Note --- for bitmap fbox'es, use the command line option `pic-fbox'
--------------------------------------
--------------------------------------
--- Note --- for minipage with width, use the command line option `minipage-wid
th'
--------------------------------------
--------------------------------------
--- Note --- for bitmap framebox'es, use the command line option `pic-framebox'

--------------------------------------
--------------------------------------
--- Note --- for inline footnotes use command line option `fn-in'
--------------------------------------
--------------------------------------
--- Note --- for tracing of latex font commands, use the command line option `f
onts'
--------------------------------------
--------------------------------------
--- Note --- for width specifications of tabular p entries, use the `p-width' c
ommand line option or a configuration similar to \Configure{HColWidth}{\HCode{ 
style="width:\HColWidth"}}
--------------------------------------
) (e:/texlive/2025/texmf-dist/tex/generic/tex4ht/unicode.4ht
version 2024-12-15-07:18
) (e:/texlive/2025/texmf-dist/tex/generic/tex4ht/html4-math.4ht
version 2024-09-27-10:13
--------------------------------------
--- Note --- for pictorial eqnarray, use the command line option `pic-eqnarray'

--------------------------------------
--------------------------------------
--- Note --- for pictorial array, use the command line option `pic-array'
--------------------------------------
--------------------------------------
--- Note --- for pictorial $...$ environments, use the command line option `pic
-m' (not recommended!!)
--------------------------------------
--------------------------------------
--- Note --- for pictorial $...$ and $$...$$ environments with latex alt, use t
he command line option `pic-m+' (not safe!!)
--------------------------------------
--------------------------------------
--- Note --- for pictorial array, use the command line option `pic-array'
--------------------------------------
(e:/texlive/2025/texmf-dist/tex/generic/tex4ht/mathjax-latex-4ht.4ht
version 2025-01-26-07:11
)) (e:/texlive/2025/texmf-dist/tex/generic/tex4ht/html5.4ht
version 2025-06-15-07:36
)) (e:/texlive/2025/texmf-dist/tex/generic/tex4ht/fontmath.4ht
version 2022-10-25-13:59
(e:/texlive/2025/texmf-dist/tex/generic/tex4ht/html4.4ht
version 2025-06-17-13:24
) (e:/texlive/2025/texmf-dist/tex/generic/tex4ht/unicode.4ht
version 2024-12-15-07:18
) (e:/texlive/2025/texmf-dist/tex/generic/tex4ht/html4-math.4ht
version 2024-09-27-10:13
) (e:/texlive/2025/texmf-dist/tex/generic/tex4ht/html5.4ht
version 2025-06-15-07:36
)) (e:/texlive/2025/texmf-dist/tex/generic/tex4ht/article.4ht
version 2023-04-10-13:46
(e:/texlive/2025/texmf-dist/tex/generic/tex4ht/html4.4ht
version 2025-06-17-13:24
--------------------------------------
--- Note --- for automatic sectioning pagination, use the command line option `
1', `2', `3', '4', '5', '6', or '7'
--------------------------------------
--------------------------------------
--- Note --- for files named derived from section titles, use the command line 
option `sec-filename'
--------------------------------------
--------------------------------------
--- Note --- for i-columns index, use the command line option `index=i' (e.g., 
index=2)
--------------------------------------
) (e:/texlive/2025/texmf-dist/tex/generic/tex4ht/unicode.4ht
version 2024-12-15-07:18
) (e:/texlive/2025/texmf-dist/tex/generic/tex4ht/html4-math.4ht
version 2024-09-27-10:13
) (e:/texlive/2025/texmf-dist/tex/generic/tex4ht/html5.4ht
version 2025-06-15-07:36
)) (e:/texlive/2025/texmf-dist/tex/generic/tex4ht/graphicx.4ht
version 2022-01-12-13:53
(e:/texlive/2025/texmf-dist/tex/generic/tex4ht/html4.4ht
version 2025-06-17-13:24
) (e:/texlive/2025/texmf-dist/tex/generic/tex4ht/unicode.4ht
version 2024-12-15-07:18
) (e:/texlive/2025/texmf-dist/tex/generic/tex4ht/html4-math.4ht
version 2024-09-27-10:13
) (e:/texlive/2025/texmf-dist/tex/generic/tex4ht/html5.4ht
version 2025-06-15-07:36
)) (e:/texlive/2025/texmf-dist/tex/generic/tex4ht/graphics.4ht
version 2024-03-07-13:56
(e:/texlive/2025/texmf-dist/tex/generic/tex4ht/html4.4ht
version 2025-06-17-13:24
--------------------------------------
--- Note --- if included graphics are of degraded quality, try the command line
 options `graphics-num' or `graphics-'. The `num' should provide the density of
 pixels in the bitmaps (e.g., 110). 
--------------------------------------
--------------------------------------
--- Note --- for setting image dimensions, try the option `Gin-dim'; to use per
cents instead of units, use `Gin-perecent'; for key dimensions when bounding bo
x is unavailable try `Gin-dim+'; neither is recommended
--------------------------------------
) (e:/texlive/2025/texmf-dist/tex/generic/tex4ht/unicode.4ht
version 2024-12-15-07:18
) (e:/texlive/2025/texmf-dist/tex/generic/tex4ht/html4-math.4ht
version 2024-09-27-10:13
) (e:/texlive/2025/texmf-dist/tex/generic/tex4ht/html5.4ht
version 2025-06-15-07:36
)) (e:/texlive/2025/texmf-dist/tex/generic/tex4ht/dvips.4ht
version 2009-05-21-09:32
(e:/texlive/2025/texmf-dist/tex/generic/tex4ht/html4.4ht
version 2025-06-17-13:24
) (e:/texlive/2025/texmf-dist/tex/generic/tex4ht/unicode.4ht
version 2024-12-15-07:18
) (e:/texlive/2025/texmf-dist/tex/generic/tex4ht/html4-math.4ht
version 2024-09-27-10:13
) (e:/texlive/2025/texmf-dist/tex/generic/tex4ht/html5.4ht
version 2025-06-15-07:36
)) (e:/texlive/2025/texmf-dist/tex/generic/tex4ht/amsmath.4ht
version 2025-01-08-13:38
\tmp:muskip=\muskip18
(e:/texlive/2025/texmf-dist/tex/generic/tex4ht/html4.4ht
version 2025-06-17-13:24
) (e:/texlive/2025/texmf-dist/tex/generic/tex4ht/unicode.4ht
version 2024-12-15-07:18
) (e:/texlive/2025/texmf-dist/tex/generic/tex4ht/html4-math.4ht
version 2024-09-27-10:13
) (e:/texlive/2025/texmf-dist/tex/generic/tex4ht/html5.4ht
version 2025-06-15-07:36
)) (e:/texlive/2025/texmf-dist/tex/generic/tex4ht/amstext.4ht
version 2009-05-21-09:32
(e:/texlive/2025/texmf-dist/tex/generic/tex4ht/html4.4ht
version 2025-06-17-13:24
) (e:/texlive/2025/texmf-dist/tex/generic/tex4ht/unicode.4ht
version 2024-12-15-07:18
) (e:/texlive/2025/texmf-dist/tex/generic/tex4ht/html4-math.4ht
version 2024-09-27-10:13
) (e:/texlive/2025/texmf-dist/tex/generic/tex4ht/html5.4ht
version 2025-06-15-07:36
)) (e:/texlive/2025/texmf-dist/tex/generic/tex4ht/amsbsy.4ht
version 2009-05-21-09:32
(e:/texlive/2025/texmf-dist/tex/generic/tex4ht/html4.4ht
version 2025-06-17-13:24
) (e:/texlive/2025/texmf-dist/tex/generic/tex4ht/unicode.4ht
version 2024-12-15-07:18
) (e:/texlive/2025/texmf-dist/tex/generic/tex4ht/html4-math.4ht
version 2024-09-27-10:13
) (e:/texlive/2025/texmf-dist/tex/generic/tex4ht/html5.4ht
version 2025-06-15-07:36
)) (e:/texlive/2025/texmf-dist/tex/generic/tex4ht/amsopn.4ht
version 2009-05-21-09:32
(e:/texlive/2025/texmf-dist/tex/generic/tex4ht/html4.4ht
version 2025-06-17-13:24
) (e:/texlive/2025/texmf-dist/tex/generic/tex4ht/unicode.4ht
version 2024-12-15-07:18
) (e:/texlive/2025/texmf-dist/tex/generic/tex4ht/html4-math.4ht
version 2024-09-27-10:13
) (e:/texlive/2025/texmf-dist/tex/generic/tex4ht/html5.4ht
version 2025-06-15-07:36
)) (e:/texlive/2025/texmf-dist/tex/generic/tex4ht/amsthm.4ht
version 2009-05-21-09:32
(e:/texlive/2025/texmf-dist/tex/generic/tex4ht/html4.4ht
version 2025-06-17-13:24
) (e:/texlive/2025/texmf-dist/tex/generic/tex4ht/unicode.4ht
version 2024-12-15-07:18
) (e:/texlive/2025/texmf-dist/tex/generic/tex4ht/html4-math.4ht
version 2024-09-27-10:13
) (e:/texlive/2025/texmf-dist/tex/generic/tex4ht/html5.4ht
version 2025-06-15-07:36
)) (e:/texlive/2025/texmf-dist/tex/generic/tex4ht/amssymb.4ht
version 2009-05-21-09:32
(e:/texlive/2025/texmf-dist/tex/generic/tex4ht/html4.4ht
version 2025-06-17-13:24
) (e:/texlive/2025/texmf-dist/tex/generic/tex4ht/unicode.4ht
version 2024-12-15-07:18
) (e:/texlive/2025/texmf-dist/tex/generic/tex4ht/html4-math.4ht
version 2024-09-27-10:13
) (e:/texlive/2025/texmf-dist/tex/generic/tex4ht/html5.4ht
version 2025-06-15-07:36
)) (e:/texlive/2025/texmf-dist/tex/generic/tex4ht/amsfonts.4ht
version 2024-11-03-05:51
(e:/texlive/2025/texmf-dist/tex/generic/tex4ht/html4.4ht
version 2025-06-17-13:24
) (e:/texlive/2025/texmf-dist/tex/generic/tex4ht/unicode.4ht
version 2024-12-15-07:18
) (e:/texlive/2025/texmf-dist/tex/generic/tex4ht/html4-math.4ht
version 2024-09-27-10:13
) (e:/texlive/2025/texmf-dist/tex/generic/tex4ht/html5.4ht
version 2025-06-15-07:36
)) (e:/texlive/2025/texmf-dist/tex/generic/tex4ht/html4.4ht
version 2025-06-17-13:24
) (e:/texlive/2025/texmf-dist/tex/generic/tex4ht/unicode.4ht
version 2024-12-15-07:18
) (e:/texlive/2025/texmf-dist/tex/generic/tex4ht/html4-math.4ht
version 2024-09-27-10:13
) (e:/texlive/2025/texmf-dist/tex/generic/tex4ht/html5.4ht
version 2025-06-15-07:36
)) (e:/texlive/2025/texmf-dist/tex/latex/l3backend/l3backend-dvips.def
File: l3backend-dvips.def 2025-04-14 L3 backend support: dvips
\l__pdfannot_backend_content_box=\box55
\l__pdfannot_backend_model_box=\box56
\g__pdfannot_backend_int=\count303
\g__pdfannot_backend_link_int=\count304
\g__pdfannot_backend_link_sf_int=\count305
) (./main.aux)
\openout1 = `main.aux'.

LaTeX Font Info:    Checking defaults for OML/cmm/m/it on input line 28.
LaTeX Font Info:    ... okay on input line 28.
LaTeX Font Info:    Checking defaults for OMS/cmsy/m/n on input line 28.
LaTeX Font Info:    ... okay on input line 28.
LaTeX Font Info:    Checking defaults for OT1/cmr/m/n on input line 28.
LaTeX Font Info:    ... okay on input line 28.
LaTeX Font Info:    Checking defaults for T1/cmr/m/n on input line 28.
LaTeX Font Info:    ... okay on input line 28.
LaTeX Font Info:    Checking defaults for TS1/cmr/m/n on input line 28.
LaTeX Font Info:    ... okay on input line 28.
LaTeX Font Info:    Checking defaults for OMX/cmex/m/n on input line 28.
LaTeX Font Info:    ... okay on input line 28.
LaTeX Font Info:    Checking defaults for U/cmr/m/n on input line 28.
LaTeX Font Info:    ... okay on input line 28.
--- file main.css ---
LaTeX Font Info:    Trying to load font information for U+msa on input line 28.

(e:/texlive/2025/texmf-dist/tex/latex/amsfonts/umsa.fd
File: umsa.fd 2013/01/14 v3.01 AMS symbols A
)
LaTeX Font Info:    Trying to load font information for U+msb on input line 28.

(e:/texlive/2025/texmf-dist/tex/latex/amsfonts/umsb.fd
File: umsb.fd 2013/01/14 v3.01 AMS symbols B
)

[1

]

[2] (./main.4ct)

[3]

[4]

[5]

[6]

[7] (./main.aux)
 ***********
LaTeX2e <2025-06-01> patch level 1
L3 programming layer <2025-05-26>
 ***********
 ) 
Here is how much of TeX's memory you used:
 7144 strings out of 467887
 96442 string characters out of 5438244
 614192 words of memory out of 5000000
 35505 multiletter control sequences out of 15000+600000
 636784 words of font info for 79 fonts, out of 8000000 for 9000
 1141 hyphenation exceptions out of 8191
 60i,6n,77p,818b,513s stack positions out of 10000i,1000n,20000p,200000b,200000s

Output written on main.dvi (7 pages, 22928 bytes).
